games/android-game-2026-03-11/app/proguard-rules.pro
# Jetpack Compose
-dontwarn androidx.compose.**
-keep class androidx.compose.** { *; }