games/android-game-2026-03-11/app/build/outputs/mapping/release/seeds.txt
com.skystacker.game.MainActivity
com.skystacker.game.game.Screen: com.skystacker.game.game.Screen[] values()
com.skystacker.game.game.Screen: com.skystacker.game.game.Screen valueOf(java.lang.String)
com.skystacker.game.MainActivity: MainActivity()
...
androidx.compose.runtime.BroadcastFrameClock: java.lang.Object fold(java.lang.Object,kotlin.jvm.functions.Function2)
androidx.compose.ui.graphics.vector.VectorPath: float getTrimPathOffset()
androidx.compose.ui.focus.FocusEventModifier$DefaultImpls: java.lang.Object foldIn(androidx.compose.ui.focus.FocusEventModifier,java.lang.Object,kotlin.jvm.functions.Function2)
kotlinx.coroutines.CoroutineStart: kotlinx.coroutines.CoroutineStart[] values()
androidx.compose.foundation.layout.WindowInsetsPadding_androidKt$safeContentPadding$$inlined$debugInspectorInfo$1: void invoke(androidx.compose.ui.platform.InspectorInfo)
androidx.compose.foundation.layout.InsetsPaddingValues: InsetsPaddingValues(androidx.compose.foundation.layout.WindowInsets,androidx.compose.ui.unit.Density)
androidx.compose.foundation.pager.PagerKt: boolean access$pagerSemantics$performBackwardPaging(androidx.compose.foundation.pager.PagerState,kotlinx.coroutines.CoroutineScope)
androidx.compose.foundation.lazy.layout.LazyLayoutPrefetcher: void onForgotten()
androidx.compose.ui.platform.InfiniteAnimationPolicy: java.lang.Object onInfiniteOperation(kotlin.jvm.functions.Function1,kotlin.coroutines.Continuation)
androidx.compose.ui.graphics.drawscope.DrawStyle: DrawStyle(kotlin.jvm.internal.DefaultConstructorMarker)
androidx.compose.foundation.text2.BasicSecureTextFieldKt$DisableCutCopy$2: java.lang.Object invoke(java.lang.Object,java.lang.Object)
androidx.compose.foundation.text.MappedKeys: long getPageUp-EK5gGoQ()
androidx.compose.animation.core.VectorConvertersKt: androidx.compose.animation.core.TwoWayConverter getVectorConverter(androidx.compose.ui.unit.IntOffset$Companion)
androidx.compose.material3.DateRangePickerState$Companion: androidx.compose.runtime.saveable.Saver Saver()
androidx.compose.ui.window.PopupLayout: void setContent(androidx.compose.runtime.CompositionContext,kotlin.jvm.functions.Function2)
androidx.compose.foundation.lazy.ParentSizeElement: androidx.compose.runtime.State getHeightState()
androidx.compose.ui.graphics.vector.VectorApplier: void insertBottomUp(int,java.lang.Object)
androidx.compose.foundation.text.selection.SelectionManager_androidKt$selectionMagnifier$1: long access$invoke$lambda$1(androidx.compose.runtime.MutableState)
androidx.compose.foundation.text.KeyCommand: boolean getEditsText()
androidx.compose.foundation.text.BasicTextKt$BasicText$selectionController$selectableId$1: java.lang.Long invoke()
androidx.compose.ui.layout.OnPlacedElement: androidx.compose.ui.layout.OnPlacedNode create()
androidx.compose.foundation.text.selection.SelectionMagnifierKt$UnspecifiedSafeOffsetVectorConverter$1: SelectionMagnifierKt$UnspecifiedSafeOffsetVectorConverter$1()
androidx.compose.ui.input.pointer.PointerInputEventProcessor: void processCancel()
androidx.compose.runtime.collection.IdentityArrayMap$asMap$1: boolean containsValue(java.lang.Object)
androidx.compose.runtime.SnapshotMutableStateImpl$component2$1: java.lang.Object invoke(java.lang.Object)
androidx.compose.foundation.text2.input.internal.selection.TextFieldMagnifierNodeImpl28: void access$setMagnifierSize-ozmzZPI(androidx.compose.foundation.text2.input.internal.selection.TextFieldMagnifierNodeImpl28,long)
androidx.compose.runtime.saveable.Saver: java.lang.Object restore(java.lang.Object)
androidx.compose.material3.tokens.DatePickerModalTokens: float getRangeSelectionActiveIndicatorContainerHeight-D9Ej5fM()
androidx.compose.foundation.text.BasicTextKt$BasicText$9: BasicTextKt$BasicText$9(androidx.compose.ui.text.AnnotatedString,androidx.compose.ui.Modifier,androidx.compose.ui.text.TextStyle,kotlin.jvm.functions.Function1,int,boolean,int,int,java.util.Map,int,int)
androidx.compose.ui.graphics.colorspace.Lab: float[] toXyz(float[])
androidx.compose.ui.unit.IntOffset: boolean equals(java.lang.Object)
androidx.compose.runtime.snapshots.StateListIterator: StateListIterator(androidx.compose.runtime.snapshots.SnapshotStateList,int)