games/android-game-2026-03-11/app/build/outputs/mapping/release/mapping.txt
# compiler: R8
# compiler_version: 8.2.47
# min_api: 24
# common_typos_disable
# {"id":"com.android.tools.r8.mapping","version":"2.2"}
# pg_map_id: 1cf4422
# pg_map_hash: SHA-256 1cf442232bb43d02766087d6ebc60f12b1f4c7df4947d6e551e7162e8899d7b3
com.skystacker.game.MainActivity -> com.skystacker.game.MainActivity:
# {"id":"sourceFile","fileName":"MainActivity.kt"}
    15:21:void androidx.core.view.WindowCompat.setDecorFitsSystemWindows(android.view.Window,boolean):0:0 -> onCreate
    15:21:void onCreate(android.os.Bundle):0 -> onCreate
    22:33:void onCreate(android.os.Bundle):0:0 -> onCreate
    34:52:void androidx.core.view.WindowInsetsControllerCompat.<init>(android.view.Window,android.view.View):0:0 -> onCreate
    34:52:void onCreate(android.os.Bundle):0 -> onCreate
    53:56:void androidx.core.view.WindowInsetsControllerCompat$Impl23.<init>(android.view.Window,androidx.core.view.SoftwareKeyboardControllerCompat):0:0 -> onCreate
    53:56:void androidx.core.view.WindowInsetsControllerCompat$Impl26.<init>(android.view.Window,androidx.core.view.SoftwareKeyboardControllerCompat):0 -> onCreate
    53:56:void androidx.core.view.WindowInsetsControllerCompat.<init>(android.view.Window,android.view.View):0 -> onCreate
    53:56:void onCreate(android.os.Bundle):0 -> onCreate
    57:58:void androidx.core.view.WindowInsetsControllerCompat.<init>(android.view.Window,android.view.View):0:0 -> onCreate
    57:58:void onCreate(android.os.Bundle):0 -> onCreate
    59:61:void androidx.core.view.WindowInsetsControllerCompat$Impl23.<init>(android.view.Window,androidx.core.view.SoftwareKeyboardControllerCompat):0:0 -> onCreate
com.skystacker.game.MainActivity$onCreate$2 -> i0.a:
# {"id":"sourceFile","fileName":"MainActivity.kt"}
    android.content.SharedPreferences $prefs -> e
    1:1:void <init>(android.content.SharedPreferences):0:0 -> <init>
    14:77:void com.skystacker.game.MainActivity$onCreate$2.invoke(androidx.compose.runtime.Composer,int):0:0 -> invoke
    14:77:java.lang.Object invoke(java.lang.Object,java.lang.Object):0 -> invoke
    78:81:java.lang.Object invoke(java.lang.Object,java.lang.Object):0:0 -> invoke
      # {"id":"com.android.tools.r8.outlineCallsite","positions":{"1":227,"5":229,"9":232},"outline":"Landroidx/compose/animation/a;l(Landroidx/compose/ui/Alignment$Companion;ZLandroidx/compose/runtime/Composer;II)Landroidx/compose/ui/layout/MeasurePolicy;"}
    82:168:void com.skystacker.game.MainActivity$onCreate$2.invoke(androidx.compose.runtime.Composer,int):0:0 -> invoke
    82:168:java.lang.Object invoke(java.lang.Object,java.lang.Object):0 -> invoke
    169:171:java.lang.Object invoke(java.lang.Object,java.lang.Object):0:0 -> invoke
      # {"id":"com.android.tools.r8.outlineCallsite","positions":{"1":233,"5":235,"8":238,"12":242},"outline":"Landroidx/compose/animation/a;x(ILandroidx/compose/runtime/Composer;ILt0/e;)V"}
    172:182:void com.skystacker.game.MainActivity$onCreate$2.invoke(androidx.compose.runtime.Composer,int):0:0 -> invoke
    172:182:java.lang.Object invoke(java.lang.Object,java.lang.Object):0 -> invoke
com.skystacker.game.MainActivity$onCreate$2$1$1 -> R8$$REMOVED$$CLASS$$117:
# {"id":"sourceFile","fileName":"MainActivity.kt"}
com.skystacker.game.MainActivity$onCreate$2$1$2 -> R8$$REMOVED$$CLASS$$118:
# {"id":"sourceFile","fileName":"MainActivity.kt"}
com.skystacker.game.game.Block -> j0.a:
# {"id":"sourceFile","fileName":"GameState.kt"}
    float x -> a
    float width -> b
    long color -> c
    1:10:void com.skystacker.game.game.Block.<init>(float,float,long):0:0 -> <init>
    1:10:void <init>(float,float,long,kotlin.jvm.internal.DefaultConstructorMarker):0 -> <init>
      # {"id":"com.android.tools.r8.residualsignature","signature":"(FJF)V"}
    1:1:boolean equals(java.lang.Object):0:0 -> equals
    12:17:int hashCode():0:0 -> hashCode
      # {"id":"com.android.tools.r8.outlineCallsite","positions":{"1":24},"outline":"Landroidx/compose/animation/a;b(FII)I"}
    18:23:int hashCode():0:0 -> hashCode
    24:24:int hashCode():0:0 -> hashCode
    1:1:java.lang.String toString():0:0 -> toString
...
androidx.compose.ui.graphics.vector.VectorComposeKt$Group$1 -> androidx.compose.ui.graphics.vector.VectorComposeKt$Group$1:
# {"id":"sourceFile","fileName":"VectorCompose.kt"}
    1:1:androidx.compose.ui.graphics.vector.GroupComponent invoke():0:0 -> invoke
    2:2:java.lang.Object invoke():0:0 -> invoke
androidx.compose.ui.graphics.vector.VectorComposeKt$Group$2$1 -> androidx.compose.ui.graphics.vector.VectorComposeKt$Group$2$1:
# {"id":"sourceFile","fileName":"VectorCompose.kt"}
    1:1:java.lang.Object invoke(java.lang.Object,java.lang.Object):0:0 -> invoke
    2:2:void invoke(androidx.compose.ui.graphics.vector.GroupComponent,java.lang.String):0:0 -> invoke
androidx.compose.ui.graphics.vector.VectorComposeKt$Group$2$2 -> androidx.compose.ui.graphics.vector.VectorComposeKt$Group$2$2:
# {"id":"sourceFile","fileName":"VectorCompose.kt"}
    1:1:java.lang.Object invoke(java.lang.Object,java.lang.Object):0:0 -> invoke
    2:2:void invoke(androidx.compose.ui.graphics.vector.GroupComponent,float):0:0 -> invoke
androidx.compose.ui.graphics.vector.VectorComposeKt$Group$2$3 -> androidx.compose.ui.graphics.vector.VectorComposeKt$Group$2$3:
# {"id":"sourceFile","fileName":"VectorCompose.kt"}
    1:1:java.lang.Object invoke(java.lang.Object,java.lang.Object):0:0 -> invoke
    2:2:void invoke(androidx.compose.ui.graphics.vector.GroupComponent,float):0:0 -> invoke
androidx.compose.ui.graphics.vector.VectorComposeKt$Group$2$4 -> androidx.compose.ui.graphics.vector.VectorComposeKt$Group$2$4:
# {"id":"sourceFile","fileName":"VectorCompose.kt"}
    1:1:java.lang.Object invoke(java.lang.Object,java.lang.Object):0:0 -> invoke
    2:2:void invoke(androidx.compose.ui.graphics.vector.GroupComponent,float):0:0 -> invoke
androidx.compose.ui.graphics.vector.VectorComposeKt$Group$2$5 -> androidx.compose.ui.graphics.vector.VectorComposeKt$Group$2$5:
# {"id":"sourceFile","fileName":"VectorCompose.kt"}
    1:1:java.lang.Object invoke(java.lang.Object,java.lang.Object):0:0 -> invoke
    2:2:void invoke(androidx.compose.ui.graphics.vector.GroupComponent,float):0:0 -> invoke
androidx.compose.ui.graphics.vector.VectorComposeKt$Group$2$6 -> androidx.compose.ui.graphics.vector.VectorComposeKt$Group$2$6:
# {"id":"sourceFile","fileName":"VectorCompose.kt"}
    1:1:java.lang.Object invoke(java.lang.Object,java.lang.Object):0:0 -> invoke
    2:2:void invoke(androidx.compose.ui.graphics.vector.GroupComponent,float):0:0 -> invoke
androidx.compose.ui.graphics.vector.VectorComposeKt$Group$2$7 -> androidx.compose.ui.graphics.vector.VectorComposeKt$Group$2$7:
# {"id":"sourceFile","fileName":"VectorCompose.kt"}
    1:1:java.lang.Object invoke(java.lang.Object,java.lang.Object):0:0 -> invoke
    2:2:void invoke(androidx.compose.ui.graphics.vector.GroupComponent,float):0:0 -> invoke
androidx.compose.ui.graphics.vector.VectorComposeKt$Group$2$8 -> androidx.compose.ui.graphics.vector.VectorComposeKt$Group$2$8:
# {"id":"sourceFile","fileName":"VectorCompose.kt"}
    1:1:java.lang.Object invoke(java.lang.Object,java.lang.Object):0:0 -> invoke
    2:2:void invoke(androidx.compose.ui.graphics.vector.GroupComponent,float):0:0 -> invoke
androidx.compose.ui.graphics.vector.VectorComposeKt$Group$2$9 -> androidx.compose.ui.graphics.vector.VectorComposeKt$Group$2$9:
# {"id":"sourceFile","fileName":"VectorCompose.kt"}
    1:1:java.lang.Object invoke(java.lang.Object,java.lang.Object):0:0 -> invoke
    2:2:void invoke(androidx.compose.ui.graphics.vector.GroupComponent,java.util.List):0:0 -> invoke