games/android-game-2026-03-11/app/build/outputs/mapping/release/usage.txt
com.skystacker.game.MainActivity:
    public static final int $stable
com.skystacker.game.R$color
com.skystacker.game.R$drawable
com.skystacker.game.R$mipmap
com.skystacker.game.R$string
com.skystacker.game.R$style
com.skystacker.game.R
com.skystacker.game.game.Block:
    public static final int $stable
    public final float component1()
    public final float component2()
    public final long component3-0d7_KjU()
com.skystacker.game.game.FallingPiece:
    public static final int $stable
    public final float component1()
    public final float component2()
    public final float component3()
    public final long component4-0d7_KjU()
    public final float component5()
    public final float component6()
com.skystacker.game.game.GameLogic:
    public static final int $stable
    private static final float BASE_SPEED
    private static final float CAMERA_LERP
    private static final float INITIAL_BLOCK_WIDTH_RATIO
    private static final float MAX_SPEED
    private static final float MIN_BLOCK_WIDTH
    private static final float PERFECT_THRESHOLD
    private static final float SPEED_INCREMENT
com.skystacker.game.game.GameRenderer:
    public static final int $stable
com.skystacker.game.game.GameState:
    public void <init>()
    public final com.skystacker.game.game.Screen component1()
    public final float component10()
    public final float component11()
    public final float component12()
    public final java.util.List component13()
    public final java.util.List component14()
    public final float component15()
    public final float component16()
    public final java.util.List component2()
    public final com.skystacker.game.game.Block component3()
    public final boolean component4()
    public final float component5()
    public final int component6()
    public final int component7()
    public final int component8()
    public final float component9()
com.skystacker.game.game.Particle:
    public static final int $stable
    public synthetic void <init>(float,float,float,float,float,long,float,int,kotlin.jvm.internal.DefaultConstructorMarker)
    public final float component1()
    public final float component2()
    public final float component3()
    public final float component4()
    public final float component5()
    public final long component6-0d7_KjU()
    public final float component7()
com.skystacker.game.game.Screen:
    public static kotlin.enums.EnumEntries getEntries()
com.skystacker.game.MainActivity$onCreate$2$1$1
com.skystacker.game.MainActivity$onCreate$2$1$2
com.skystacker.game.MainActivity$onCreate$2:
    public final void invoke(androidx.compose.runtime.Composer,int)
com.skystacker.game.MainActivity:
    static void <clinit>()
com.skystacker.game.game.Block:
    static void <clinit>()
    public static com.skystacker.game.game.Block copy-mxwnekA()
    public static long getColor-0d7_KjU()
    public static float getWidth()
    public static float getX()
com.skystacker.game.game.FallingPiece:
    static void <clinit>()
    public static com.skystacker.game.game.FallingPiece copy-Bx497Mc()
    public static float getAlpha()
    public static long getColor-0d7_KjU()
    public static float getVelocityX()
    public static float getWidth()
    public static float getX()
    public static float getY()
com.skystacker.game.game.GameLogic$WhenMappings
com.skystacker.game.game.GameLogic:
    public static final com.skystacker.game.game.GameLogic INSTANCE
    static void <clinit>()
    public static float calculateOverlap()
    public static java.util.List generatePerfectParticles()
    public static com.skystacker.game.game.GameState onTap()
    public static com.skystacker.game.game.GameState placeBlock()
...
kotlinx.coroutines.channels.ChannelsKt__DeprecatedKt$maxWith$1
kotlinx.coroutines.channels.ChannelsKt__DeprecatedKt$minWith$1
kotlinx.coroutines.channels.ChannelsKt__DeprecatedKt$none$1
kotlinx.coroutines.channels.ChannelsKt__DeprecatedKt$requireNoNulls$1
kotlinx.coroutines.channels.ChannelsKt__DeprecatedKt$single$1
kotlinx.coroutines.channels.ChannelsKt__DeprecatedKt$singleOrNull$1
kotlinx.coroutines.channels.ChannelsKt__DeprecatedKt$take$1
kotlinx.coroutines.channels.ChannelsKt__DeprecatedKt$takeWhile$1
kotlinx.coroutines.channels.ChannelsKt__DeprecatedKt$toChannel$1
kotlinx.coroutines.channels.ChannelsKt__DeprecatedKt$toCollection$1
kotlinx.coroutines.channels.ChannelsKt__DeprecatedKt$toMap$2
kotlinx.coroutines.channels.ChannelsKt__DeprecatedKt$withIndex$1
kotlinx.coroutines.channels.ChannelsKt__DeprecatedKt$zip$1
kotlinx.coroutines.channels.ChannelsKt__DeprecatedKt$zip$2
kotlinx.coroutines.channels.ChannelsKt__DeprecatedKt
kotlinx.coroutines.channels.ConflatedBroadcastChannel
kotlinx.coroutines.channels.ConflatedBufferedChannel:
    public synthetic void <init>(int,kotlinx.coroutines.channels.BufferOverflow,kotlin.jvm.functions.Function1,int,kotlin.jvm.internal.DefaultConstructorMarker)
    protected void registerSelectForSend(kotlinx.coroutines.selects.SelectInstance,java.lang.Object)
    public java.lang.Object sendBroadcast$kotlinx_coroutines_core(java.lang.Object,kotlin.coroutines.Continuation)
    static synthetic java.lang.Object sendBroadcast$suspendImpl(kotlinx.coroutines.channels.ConflatedBufferedChannel,java.lang.Object,kotlin.coroutines.Continuation)
    public boolean shouldSendSuspend$kotlinx_coroutines_core()
kotlinx.coroutines.channels.LazyActorCoroutine$onSend$1
kotlinx.coroutines.channels.LazyActorCoroutine
kotlinx.coroutines.channels.LazyBroadcastCoroutine
kotlinx.coroutines.channels.ProduceKt$awaitClose$1
kotlinx.coroutines.channels.ProduceKt$awaitClose$2
kotlinx.coroutines.channels.ProduceKt$awaitClose$4$1
kotlinx.coroutines.channels.ProduceKt:
    public static final java.lang.Object awaitClose(kotlinx.coroutines.channels.ProducerScope,kotlin.jvm.functions.Function0,kotlin.coroutines.Continuation)
    public static synthetic java.lang.Object awaitClose$default(kotlinx.coroutines.channels.ProducerScope,kotlin.jvm.functions.Function0,kotlin.coroutines.Continuation,int,java.lang.Object)
    public static final kotlinx.coroutines.channels.ReceiveChannel produce(kotlinx.coroutines.CoroutineScope,kotlin.coroutines.CoroutineContext,int,kotlin.jvm.functions.Function2)
    public static final kotlinx.coroutines.channels.ReceiveChannel produce(kotlinx.coroutines.CoroutineScope,kotlin.coroutines.CoroutineContext,int,kotlinx.coroutines.CoroutineStart,kotlin.jvm.functions.Function1,kotlin.jvm.functions.Function2)
    public static synthetic kotlinx.coroutines.channels.ReceiveChannel produce$default(kotlinx.coroutines.CoroutineScope,kotlin.coroutines.CoroutineContext,int,kotlin.jvm.functions.Function2,int,java.lang.Object)
    public static synthetic kotlinx.coroutines.channels.ReceiveChannel produce$default(kotlinx.coroutines.CoroutineScope,kotlin.coroutines.CoroutineContext,int,kotlinx.coroutines.CoroutineStart,kotlin.jvm.functions.Function1,kotlin.jvm.functions.Function2,int,java.lang.Object)
kotlinx.coroutines.channels.ProducerCoroutine:
    public synthetic bridge kotlinx.coroutines.channels.SendChannel getChannel()
kotlinx.coroutines.channels.ProducerScope$DefaultImpls
kotlinx.coroutines.channels.ProducerScope:
    public abstract kotlinx.coroutines.channels.SendChannel getChannel()
kotlinx.coroutines.channels.ReceiveCatching:
    public void <init>(kotlinx.coroutines.CancellableContinuationImpl)
    public void invokeOnCancellation(kotlinx.coroutines.internal.Segment,int)
kotlinx.coroutines.channels.ReceiveChannel$DefaultImpls
kotlinx.coroutines.channels.ReceiveChannel$receiveOrNull$1